0 info it worked if it ends with ok
1 verbose cli [ '/usr/local/bin/node', '/usr/local/bin/npm', 'publish' ]
2 info using npm@3.10.10
3 info using node@v6.9.5
4 verbose publish [ '.' ]
5 silly cache add args [ '.', null ]
6 verbose cache add spec .
7 silly cache add parsed spec Result {
7 silly cache add   raw: '.',
7 silly cache add   scope: null,
7 silly cache add   escapedName: null,
7 silly cache add   name: null,
7 silly cache add   rawSpec: '.',
7 silly cache add   spec: '/home/joel/projects/console-wrapper',
7 silly cache add   type: 'directory' }
8 verbose addLocalDirectory /home/joel/.npm/console-wrapper/1.0.0/package.tgz not in flight; packing
9 verbose correctMkdir /home/joel/.npm correctMkdir not in flight; initializing
10 info lifecycle console-wrapper@1.0.0~prepublish: console-wrapper@1.0.0
11 silly lifecycle console-wrapper@1.0.0~prepublish: no script for prepublish, continuing
12 verbose tar pack [ '/home/joel/.npm/console-wrapper/1.0.0/package.tgz',
12 verbose tar pack   '/home/joel/projects/console-wrapper' ]
13 verbose tarball /home/joel/.npm/console-wrapper/1.0.0/package.tgz
14 verbose folder /home/joel/projects/console-wrapper
15 verbose addLocalTarball adding from inside cache /home/joel/.npm/console-wrapper/1.0.0/package.tgz
16 verbose correctMkdir /home/joel/.npm correctMkdir not in flight; initializing
17 silly cache afterAdd console-wrapper@1.0.0
18 verbose afterAdd /home/joel/.npm/console-wrapper/1.0.0/package/package.json not in flight; writing
19 verbose correctMkdir /home/joel/.npm correctMkdir not in flight; initializing
20 verbose afterAdd /home/joel/.npm/console-wrapper/1.0.0/package/package.json written
21 silly publish { name: 'console-wrapper',
21 silly publish   version: '1.0.0',
21 silly publish   private: false,
21 silly publish   description: 'A console wrapper for typescript applications',
21 silly publish   main: 'index.js',
21 silly publish   scripts: { test: 'echo "Error: no test specified" && exit 1' },
21 silly publish   repository:
21 silly publish    { type: 'git',
21 silly publish      url: 'git+https://github.com/JLavoieMTL/console-wrapper.git' },
21 silly publish   keywords: [ 'console', 'typescript' ],
21 silly publish   author: { name: 'Joel Lavoie', email: 'joel.lavoie.ing@gmail.com' },
21 silly publish   license: 'ISC',
21 silly publish   bugs: { url: 'https://github.com/JLavoieMTL/console-wrapper/issues' },
21 silly publish   homepage: 'https://github.com/JLavoieMTL/console-wrapper#readme',
21 silly publish   readme: '# Requirements\nThis library will work with any typescript project such as:\n\n - nodeJS + typescript\n - Angular2 + typescript\n\n# Description\nI saw in many projects developers who use console.log, console.warn, etc.. everywhere in their code. Then, they want to push their code to production servers. But oh!! The logs! They are spreaded everywhere in the code and they are useful. Using a new logger library to replace all these logs can be painful and somewhat cumbersome. So why not just wrapping all console by a logger, that would let the code untouched ? Well, this is exactly what this library does! :)\n\nThis library is a wrapper around console that allow to show the proper level of logs in the code without touching the console.x occurrences in your code and without having to write a logger and inject it in all functions that need some logging. Instantiate this code once will allow you to set the log level without touching your console.X methods in your code.\n\n# Log level\nThe following rules is applied:\n\n**TRACE < DEBUG < INFO < WARN < ERROR**\n\nSo setting the log level to "trace" will show all the detailed logs. But obviously, in production, you probably prefer to only show a "warn" or "error" level.\n\nIn a more graphic way, here is how the selection rule works. In the following table, the vertical header shows the level of the logging request, designated by p, while the horizontal header shows effective level of the logger, designated by q. The intersection of the rows (level request) and columns (effective level) is the boolean resulting from the basic selection rule.\n\t![Levels](https://i.stack.imgur.com/Z5mag.png)\n\n# How to use\n\nAt the beginning of your program, call the following:\n\n    import { Logger } from \'console-logger\'\n    new Logger({ level: \'trace\' })\n\n# Available console methods\nThe following methods are wrapped:\n\n - trace\n - debug\n - info\n - warn\n - error\n - dir\n - log\n\n# Examples\n\n## Basic logger with log filtering\nSuppose you\'re in prod, you may want to disable all logs:\n\n\n    import { Logger } from \'console-logger\'\n    new Logger({ level: \'off\' })\n\n## Run additional logic when console methods are called\n\n    import { Logger } from \'console-logger\'\n    const options = {\n       level: \'off\',\n       info: {\n\t       callback: function(){\n\t\t       // so something here\n\t\t   }\n\t   },\n\t   error: {\n\t       callback: function(){\n\t\t       reportToCloud(\'blah\', arguments); // send error to remote server\n\t\t   }\n\t   }\n    }\n    new Logger(options)',
21 silly publish   readmeFilename: 'readme.md',
21 silly publish   gitHead: '4c375081f641b2f2f617362928bd6832827db43d',
21 silly publish   _id: 'console-wrapper@1.0.0',
21 silly publish   _shasum: '24e8369830f6253f70f4083d54f27d10c6a11ae5',
21 silly publish   _from: '.' }
22 verbose getPublishConfig undefined
23 silly mapToRegistry name console-wrapper
24 silly mapToRegistry using default registry
25 silly mapToRegistry registry https://registry.npmjs.org/
26 silly mapToRegistry data Result {
26 silly mapToRegistry   raw: 'console-wrapper',
26 silly mapToRegistry   scope: null,
26 silly mapToRegistry   escapedName: 'console-wrapper',
26 silly mapToRegistry   name: 'console-wrapper',
26 silly mapToRegistry   rawSpec: '',
26 silly mapToRegistry   spec: 'latest',
26 silly mapToRegistry   type: 'tag' }
27 silly mapToRegistry uri https://registry.npmjs.org/console-wrapper
28 verbose publish registryBase https://registry.npmjs.org/
29 silly publish uploading /home/joel/.npm/console-wrapper/1.0.0/package.tgz
30 verbose request uri https://registry.npmjs.org/console-wrapper
31 verbose request sending authorization for write operation
32 info attempt registry request try #1 at 9:40:07 PM
33 verbose request using bearer token for auth
34 verbose request id 2aae7583623d27c7
35 http request PUT https://registry.npmjs.org/console-wrapper
36 http 403 https://registry.npmjs.org/console-wrapper
37 verbose headers { 'content-type': 'application/json',
37 verbose headers   'cache-control': 'max-age=300',
37 verbose headers   'content-length': '109',
37 verbose headers   'accept-ranges': 'bytes',
37 verbose headers   date: 'Thu, 02 Nov 2017 01:40:07 GMT',
37 verbose headers   via: '1.1 varnish',
37 verbose headers   connection: 'keep-alive',
37 verbose headers   'x-served-by': 'cache-yyz8334-YYZ',
37 verbose headers   'x-cache': 'MISS',
37 verbose headers   'x-cache-hits': '0',
37 verbose headers   'x-timer': 'S1509586808.543056,VS0,VE293',
37 verbose headers   vary: 'Accept-Encoding, Accept' }
38 verbose request invalidating /home/joel/.npm/registry.npmjs.org/console-wrapper on PUT
39 error publish Failed PUT 403
40 verbose stack Error: You do not have permission to publish "console-wrapper". Are you logged in as the correct user? : console-wrapper
40 verbose stack     at makeError (/usr/local/lib/node_modules/npm/node_modules/npm-registry-client/lib/request.js:302:12)
40 verbose stack     at CachingRegistryClient.<anonymous> (/usr/local/lib/node_modules/npm/node_modules/npm-registry-client/lib/request.js:290:14)
40 verbose stack     at Request._callback (/usr/local/lib/node_modules/npm/node_modules/npm-registry-client/lib/request.js:210:14)
40 verbose stack     at Request.self.callback (/usr/local/lib/node_modules/npm/node_modules/request/request.js:187:22)
40 verbose stack     at emitTwo (events.js:106:13)
40 verbose stack     at Request.emit (events.js:191:7)
40 verbose stack     at Request.<anonymous> (/usr/local/lib/node_modules/npm/node_modules/request/request.js:1048:10)
40 verbose stack     at emitOne (events.js:96:13)
40 verbose stack     at Request.emit (events.js:188:7)
40 verbose stack     at IncomingMessage.<anonymous> (/usr/local/lib/node_modules/npm/node_modules/request/request.js:969:12)
41 verbose statusCode 403
42 verbose pkgid console-wrapper
43 verbose cwd /home/joel/projects/console-wrapper
44 error Linux 4.2.0-42-generic
45 error argv "/usr/local/bin/node" "/usr/local/bin/npm" "publish"
46 error node v6.9.5
47 error npm  v3.10.10
48 error code E403
49 error You do not have permission to publish "console-wrapper". Are you logged in as the correct user? : console-wrapper
50 error If you need help, you may report this error at:
50 error     <https://github.com/npm/npm/issues>
51 verbose exit [ 1, true ]
